{"/Users/hmm/AyarHlaine/Learning/Testing/jest-testing/ari.js": {"path":"/Users/hmm/AyarHlaine/Learning/Testing/jest-testing/ari.js","statementMap":{"0":{"start":{"line":1,"column":12},"end":{"line":1,"column":26}},"1":{"start":{"line":1,"column":21},"end":{"line":1,"column":26}},"2":{"start":{"line":2,"column":12},"end":{"line":2,"column":26}},"3":{"start":{"line":2,"column":21},"end":{"line":2,"column":26}},"4":{"start":{"line":3,"column":12},"end":{"line":3,"column":26}},"5":{"start":{"line":3,"column":21},"end":{"line":3,"column":26}},"6":{"start":{"line":4,"column":12},"end":{"line":4,"column":26}},"7":{"start":{"line":4,"column":21},"end":{"line":4,"column":26}},"8":{"start":{"line":6,"column":0},"end":{"line":6,"column":40}}},"fnMap":{"0":{"name":"(anonymous_0)","decl":{"start":{"line":1,"column":12},"end":{"line":1,"column":13}},"loc":{"start":{"line":1,"column":21},"end":{"line":1,"column":26}},"line":1},"1":{"name":"(anonymous_1)","decl":{"start":{"line":2,"column":12},"end":{"line":2,"column":13}},"loc":{"start":{"line":2,"column":21},"end":{"line":2,"column":26}},"line":2},"2":{"name":"(anonymous_2)","decl":{"start":{"line":3,"column":12},"end":{"line":3,"column":13}},"loc":{"start":{"line":3,"column":21},"end":{"line":3,"column":26}},"line":3},"3":{"name":"(anonymous_3)","decl":{"start":{"line":4,"column":12},"end":{"line":4,"column":13}},"loc":{"start":{"line":4,"column":21},"end":{"line":4,"column":26}},"line":4}},"branchMap":{},"s":{"0":1,"1":1,"2":1,"3":1,"4":1,"5":1,"6":1,"7":1,"8":1},"f":{"0":1,"1":1,"2":1,"3":1},"b":{},"_coverageSchema":"43e27e138ebf9cfc5966b082cf9a028302ed4184","hash":"9d2bd9f66e9f2d3afa6e15c5cfb06af78b3cf425"}
}
